<?xml version="1.0" encoding="UTF-8"?>
<testsuite name="As a user, I want login in the Star Sharp Page so i should create a new meetings" tests="1" skipped="0" failures="0" errors="0" timestamp="2022-12-02T14:35:47" hostname="DESKTOP-7VI4QQE" time="11.928">
  <properties/>
  <testcase name="Create a new  Bussines unit" classname="As a user, I want login in the Star Sharp Page so i should create a new meetings" time="11.928"/>
  <system-out><![CDATA[]]></system-out>
  <system-err><![CDATA[[Test worker] WARN net.thucydides.core.steps.BaseStepListener - stepStarted: net.thucydides.core.steps.ExecutedStepDescription@7876d598
[Test worker] WARN net.thucydides.core.steps.BaseStepListener - stepStarted: net.thucydides.core.steps.ExecutedStepDescription@e04ccf8
[Test worker] WARN net.thucydides.core.steps.BaseStepListener - stepStarted: net.thucydides.core.steps.ExecutedStepDescription@cfbc8e8
dic 02, 2022 9:35:48 AM org.openqa.selenium.remote.DesiredCapabilities chrome
INFORMACIÓN: Using `new ChromeOptions()` is preferred to `DesiredCapabilities.chrome()`
[Test worker] INFO net.serenitybdd.core.webdriver.driverproviders.ProvideNewDriver - Instantiating driver
[Test worker] INFO net.serenitybdd.core.webdriver.driverproviders.ProvideNewDriver - Driver capabilities: Capabilities {acceptInsecureCerts: false, browserName: chrome, chrome.switches: --start-maximized, goog:chromeOptions: {args: [--start-maximized], extensions: []}, loggingPrefs: org.openqa.selenium.logging..., platform: ANY, version: }
Starting ChromeDriver 106.0.5249.61 (511755355844955cd3e264779baf0dd38212a4d0-refs/branch-heads/5249@{#569}) on port 47665
Only local connections are allowed.
Please see https://chromedriver.chromium.org/security-considerations for suggestions on keeping ChromeDriver safe.
ChromeDriver was started successfully.
[1669991749.942][WARNING]: This version of ChromeDriver has not been tested with Chrome version 107.
dic 02, 2022 9:35:49 AM org.openqa.selenium.remote.ProtocolHandshake createSession
INFORMACIÓN: Detected dialect: W3C
[Test worker] WARN net.thucydides.core.steps.BaseStepListener - stepFinished: current outcome:Create a new  Bussines unit:Example: {unitName=UnidadWill, parentunit=Technology} [Given that the user is on the star sharp page [User openup [user opens the Sharsharp page]]]
[Test worker] WARN net.thucydides.core.steps.BaseStepListener - stepFinished: current outcome:Create a new  Bussines unit:Example: {unitName=UnidadWill, parentunit=Technology} [Given that the user is on the star sharp page [User openup [user opens the Sharsharp page]]]
[Test worker] WARN net.thucydides.core.steps.BaseStepListener - stepFinished: current outcome:Create a new  Bussines unit:Example: {unitName=UnidadWill, parentunit=Technology} [Given that the user is on the star sharp page [User openup [user opens the Sharsharp page]]]
[Test worker] WARN net.thucydides.core.steps.BaseStepListener - stepStarted: net.thucydides.core.steps.ExecutedStepDescription@17b016ac
[Test worker] WARN net.thucydides.core.steps.BaseStepListener - stepStarted: net.thucydides.core.steps.ExecutedStepDescription@49ca94a9
[Test worker] WARN net.thucydides.core.steps.BaseStepListener - stepStarted: net.thucydides.core.steps.ExecutedStepDescription@718f805a
[Test worker] WARN net.thucydides.core.steps.BaseStepListener - stepFinished: current outcome:Create a new  Bussines unit:Example: {unitName=UnidadWill, parentunit=Technology} [Given that the user is on the star sharp page [User openup [user opens the Sharsharp page]], And the user Logs in
| user | password |
| admin | serenity | [User login [user enters 'admin' into User name]]]
[Test worker] WARN net.thucydides.core.steps.BaseStepListener - stepStarted: net.thucydides.core.steps.ExecutedStepDescription@6418e39e
[Test worker] WARN net.thucydides.core.steps.BaseStepListener - stepFinished: current outcome:Create a new  Bussines unit:Example: {unitName=UnidadWill, parentunit=Technology} [Given that the user is on the star sharp page [User openup [user opens the Sharsharp page]], And the user Logs in
| user | password |
| admin | serenity | [User login [user enters 'admin' into User name, user enters 'serenity' into Password]]]
[Test worker] WARN net.thucydides.core.steps.BaseStepListener - stepStarted: net.thucydides.core.steps.ExecutedStepDescription@285583d4
[Test worker] WARN net.thucydides.core.steps.BaseStepListener - stepFinished: current outcome:Create a new  Bussines unit:Example: {unitName=UnidadWill, parentunit=Technology} [Given that the user is on the star sharp page [User openup [user opens the Sharsharp page]], And the user Logs in
| user | password |
| admin | serenity | [User login [user enters 'admin' into User name, user enters 'serenity' into Password, user clicks on Boton sing in]]]
[Test worker] WARN net.thucydides.core.steps.BaseStepListener - stepFinished: current outcome:Create a new  Bussines unit:Example: {unitName=UnidadWill, parentunit=Technology} [Given that the user is on the star sharp page [User openup [user opens the Sharsharp page]], And the user Logs in
| user | password |
| admin | serenity | [User login [user enters 'admin' into User name, user enters 'serenity' into Password, user clicks on Boton sing in]]]
[Test worker] WARN net.thucydides.core.steps.BaseStepListener - stepFinished: current outcome:Create a new  Bussines unit:Example: {unitName=UnidadWill, parentunit=Technology} [Given that the user is on the star sharp page [User openup [user opens the Sharsharp page]], And the user Logs in
| user | password |
| admin | serenity | [User login [user enters 'admin' into User name, user enters 'serenity' into Password, user clicks on Boton sing in]]]
[Test worker] WARN net.thucydides.core.steps.BaseStepListener - stepStarted: net.thucydides.core.steps.ExecutedStepDescription@3b009e7b
[Test worker] WARN net.thucydides.core.steps.BaseStepListener - stepStarted: net.thucydides.core.steps.ExecutedStepDescription@22d7fd41
[Test worker] WARN net.thucydides.core.steps.BaseStepListener - stepStarted: net.thucydides.core.steps.ExecutedStepDescription@602f8f94
[Test worker] WARN net.thucydides.core.steps.BaseStepListener - stepFinished: current outcome:Create a new  Bussines unit:Example: {unitName=UnidadWill, parentunit=Technology} [Given that the user is on the star sharp page [User openup [user opens the Sharsharp page]], And the user Logs in
| user | password |
| admin | serenity | [User login [user enters 'admin' into User name, user enters 'serenity' into Password, user clicks on Boton sing in]], And he go to the Bussines Units [User dasboard menu [user clicks on item organization in menu]]]
[Test worker] WARN net.thucydides.core.steps.BaseStepListener - stepStarted: net.thucydides.core.steps.ExecutedStepDescription@62b09715
[Test worker] WARN net.thucydides.core.steps.BaseStepListener - stepFinished: current outcome:Create a new  Bussines unit:Example: {unitName=UnidadWill, parentunit=Technology} [Given that the user is on the star sharp page [User openup [user opens the Sharsharp page]], And the user Logs in
| user | password |
| admin | serenity | [User login [user enters 'admin' into User name, user enters 'serenity' into Password, user clicks on Boton sing in]], And he go to the Bussines Units [User dasboard menu [user clicks on item organization in menu, user clicks on item organization in menu]]]
[Test worker] WARN net.thucydides.core.steps.BaseStepListener - stepFinished: current outcome:Create a new  Bussines unit:Example: {unitName=UnidadWill, parentunit=Technology} [Given that the user is on the star sharp page [User openup [user opens the Sharsharp page]], And the user Logs in
| user | password |
| admin | serenity | [User login [user enters 'admin' into User name, user enters 'serenity' into Password, user clicks on Boton sing in]], And he go to the Bussines Units [User dasboard menu [user clicks on item organization in menu, user clicks on item organization in menu]]]
[Test worker] WARN net.thucydides.core.steps.BaseStepListener - stepFinished: current outcome:Create a new  Bussines unit:Example: {unitName=UnidadWill, parentunit=Technology} [Given that the user is on the star sharp page [User openup [user opens the Sharsharp page]], And the user Logs in
| user | password |
| admin | serenity | [User login [user enters 'admin' into User name, user enters 'serenity' into Password, user clicks on Boton sing in]], And he go to the Bussines Units [User dasboard menu [user clicks on item organization in menu, user clicks on item organization in menu]]]
[Test worker] WARN net.thucydides.core.steps.BaseStepListener - stepStarted: net.thucydides.core.steps.ExecutedStepDescription@66f5a02e
[Test worker] WARN net.thucydides.core.steps.BaseStepListener - stepStarted: net.thucydides.core.steps.ExecutedStepDescription@3a8cea24
[Test worker] WARN net.thucydides.core.steps.BaseStepListener - stepStarted: net.thucydides.core.steps.ExecutedStepDescription@60f77af
[Test worker] WARN net.thucydides.core.steps.BaseStepListener - stepFinished: current outcome:Create a new  Bussines unit:Example: {unitName=UnidadWill, parentunit=Technology} [Given that the user is on the star sharp page [User openup [user opens the Sharsharp page]], And the user Logs in
| user | password |
| admin | serenity | [User login [user enters 'admin' into User name, user enters 'serenity' into Password, user clicks on Boton sing in]], And he go to the Bussines Units [User dasboard menu [user clicks on item organization in menu, user clicks on item organization in menu]], When he create a new unit
| unitName | parentunit |
| UnidadWill | Technology | [User menuhome [user clicks on item organization in menu]]]
[Test worker] WARN net.thucydides.core.steps.BaseStepListener - stepStarted: net.thucydides.core.steps.ExecutedStepDescription@4aeb0e2b
[Test worker] WARN net.thucydides.core.steps.BaseStepListener - stepFinished: current outcome:Create a new  Bussines unit:Example: {unitName=UnidadWill, parentunit=Technology} [Given that the user is on the star sharp page [User openup [user opens the Sharsharp page]], And the user Logs in
| user | password |
| admin | serenity | [User login [user enters 'admin' into User name, user enters 'serenity' into Password, user clicks on Boton sing in]], And he go to the Bussines Units [User dasboard menu [user clicks on item organization in menu, user clicks on item organization in menu]], When he create a new unit
| unitName | parentunit |
| UnidadWill | Technology | [User menuhome [user clicks on item organization in menu, user enters 'UnidadWill' into item organization in menu]]]
[Test worker] WARN net.thucydides.core.steps.BaseStepListener - stepStarted: net.thucydides.core.steps.ExecutedStepDescription@2047981
[Test worker] WARN net.thucydides.core.steps.BaseStepListener - stepFinished: current outcome:Create a new  Bussines unit:Example: {unitName=UnidadWill, parentunit=Technology} [Given that the user is on the star sharp page [User openup [user opens the Sharsharp page]], And the user Logs in
| user | password |
| admin | serenity | [User login [user enters 'admin' into User name, user enters 'serenity' into Password, user clicks on Boton sing in]], And he go to the Bussines Units [User dasboard menu [user clicks on item organization in menu, user clicks on item organization in menu]], When he create a new unit
| unitName | parentunit |
| UnidadWill | Technology | [User menuhome [user clicks on item organization in menu, user enters 'UnidadWill' into item organization in menu, user clicks on item organization in menu]]]
[Test worker] WARN net.thucydides.core.steps.BaseStepListener - stepStarted: net.thucydides.core.steps.ExecutedStepDescription@68b7d0ef
[Test worker] WARN net.thucydides.core.steps.BaseStepListener - stepFinished: current outcome:Create a new  Bussines unit:Example: {unitName=UnidadWill, parentunit=Technology} [Given that the user is on the star sharp page [User openup [user opens the Sharsharp page]], And the user Logs in
| user | password |
| admin | serenity | [User login [user enters 'admin' into User name, user enters 'serenity' into Password, user clicks on Boton sing in]], And he go to the Bussines Units [User dasboard menu [user clicks on item organization in menu, user clicks on item organization in menu]], When he create a new unit
| unitName | parentunit |
| UnidadWill | Technology | [User menuhome [user clicks on item organization in menu, user enters 'UnidadWill' into item organization in menu, user clicks on item organization in menu, user clicks on item organization in menu]]]
[Test worker] WARN net.thucydides.core.steps.BaseStepListener - stepStarted: net.thucydides.core.steps.ExecutedStepDescription@697d6ded
[Test worker] WARN net.thucydides.core.steps.BaseStepListener - stepFinished: current outcome:Create a new  Bussines unit:Example: {unitName=UnidadWill, parentunit=Technology} [Given that the user is on the star sharp page [User openup [user opens the Sharsharp page]], And the user Logs in
| user | password |
| admin | serenity | [User login [user enters 'admin' into User name, user enters 'serenity' into Password, user clicks on Boton sing in]], And he go to the Bussines Units [User dasboard menu [user clicks on item organization in menu, user clicks on item organization in menu]], When he create a new unit
| unitName | parentunit |
| UnidadWill | Technology | [User menuhome [user clicks on item organization in menu, user enters 'UnidadWill' into item organization in menu, user clicks on item organization in menu, user clicks on item organization in menu, user clicks on item organization in menu]]]
[Test worker] WARN net.thucydides.core.steps.BaseStepListener - stepFinished: current outcome:Create a new  Bussines unit:Example: {unitName=UnidadWill, parentunit=Technology} [Given that the user is on the star sharp page [User openup [user opens the Sharsharp page]], And the user Logs in
| user | password |
| admin | serenity | [User login [user enters 'admin' into User name, user enters 'serenity' into Password, user clicks on Boton sing in]], And he go to the Bussines Units [User dasboard menu [user clicks on item organization in menu, user clicks on item organization in menu]], When he create a new unit
| unitName | parentunit |
| UnidadWill | Technology | [User menuhome [user clicks on item organization in menu, user enters 'UnidadWill' into item organization in menu, user clicks on item organization in menu, user clicks on item organization in menu, user clicks on item organization in menu]]]
[Test worker] WARN net.thucydides.core.steps.BaseStepListener - stepFinished: current outcome:Create a new  Bussines unit:Example: {unitName=UnidadWill, parentunit=Technology} [Given that the user is on the star sharp page [User openup [user opens the Sharsharp page]], And the user Logs in
| user | password |
| admin | serenity | [User login [user enters 'admin' into User name, user enters 'serenity' into Password, user clicks on Boton sing in]], And he go to the Bussines Units [User dasboard menu [user clicks on item organization in menu, user clicks on item organization in menu]], When he create a new unit
| unitName | parentunit |
| UnidadWill | Technology | [User menuhome [user clicks on item organization in menu, user enters 'UnidadWill' into item organization in menu, user clicks on item organization in menu, user clicks on item organization in menu, user clicks on item organization in menu]]]
[Test worker] WARN net.thucydides.core.steps.BaseStepListener - stepStarted: net.thucydides.core.steps.ExecutedStepDescription@623e0631
[Test worker] WARN net.thucydides.core.steps.BaseStepListener - stepFinished: current outcome:Create a new  Bussines unit:Example: {unitName=UnidadWill, parentunit=Technology} [Given that the user is on the star sharp page [User openup [user opens the Sharsharp page]], And the user Logs in
| user | password |
| admin | serenity | [User login [user enters 'admin' into User name, user enters 'serenity' into Password, user clicks on Boton sing in]], And he go to the Bussines Units [User dasboard menu [user clicks on item organization in menu, user clicks on item organization in menu]], When he create a new unit
| unitName | parentunit |
| UnidadWill | Technology | [User menuhome [user clicks on item organization in menu, user enters 'UnidadWill' into item organization in menu, user clicks on item organization in menu, user clicks on item organization in menu, user clicks on item organization in menu]], Then the UnidadWill should display in the menu]
[Test worker] WARN net.thucydides.core.steps.BaseStepListener - stepFinished: current outcome:Create a new  Bussines unit:Example: {unitName=UnidadWill, parentunit=Technology} [Given that the user is on the star sharp page [User openup [user opens the Sharsharp page]], And the user Logs in
| user | password |
| admin | serenity | [User login [user enters 'admin' into User name, user enters 'serenity' into Password, user clicks on Boton sing in]], And he go to the Bussines Units [User dasboard menu [user clicks on item organization in menu, user clicks on item organization in menu]], When he create a new unit
| unitName | parentunit |
| UnidadWill | Technology | [User menuhome [user clicks on item organization in menu, user enters 'UnidadWill' into item organization in menu, user clicks on item organization in menu, user clicks on item organization in menu, user clicks on item organization in menu]], Then the UnidadWill should display in the menu]
[Test worker] WARN net.thucydides.core.steps.BaseStepListener - testFinished: Create a new  Bussines unit:Example: {unitName=UnidadWill, parentunit=Technology} [Given that the user is on the star sharp page [User openup [user opens the Sharsharp page]], And the user Logs in
| user | password |
| admin | serenity | [User login [user enters 'admin' into User name, user enters 'serenity' into Password, user clicks on Boton sing in]], And he go to the Bussines Units [User dasboard menu [user clicks on item organization in menu, user clicks on item organization in menu]], When he create a new unit
| unitName | parentunit |
| UnidadWill | Technology | [User menuhome [user clicks on item organization in menu, user enters 'UnidadWill' into item organization in menu, user clicks on item organization in menu, user clicks on item organization in menu, user clicks on item organization in menu]], Then the UnidadWill should display in the menu]
[Test worker] WARN net.thucydides.core.steps.BaseStepListener - TestOutcomes: [Create a new  Bussines unit:Example: {unitName=UnidadWill, parentunit=Technology} [Given that the user is on the star sharp page [User openup [user opens the Sharsharp page]], And the user Logs in
| user | password |
| admin | serenity | [User login [user enters 'admin' into User name, user enters 'serenity' into Password, user clicks on Boton sing in]], And he go to the Bussines Units [User dasboard menu [user clicks on item organization in menu, user clicks on item organization in menu]], When he create a new unit
| unitName | parentunit |
| UnidadWill | Technology | [User menuhome [user clicks on item organization in menu, user enters 'UnidadWill' into item organization in menu, user clicks on item organization in menu, user clicks on item organization in menu, user clicks on item organization in menu]], Then the UnidadWill should display in the menu]]
[Test worker] WARN net.thucydides.core.steps.BaseStepListener - Final testOutcomes: [Create a new  Bussines unit:Example: {unitName=UnidadWill, parentunit=Technology} [Given that the user is on the star sharp page [User openup [user opens the Sharsharp page]], And the user Logs in
| user | password |
| admin | serenity | [User login [user enters 'admin' into User name, user enters 'serenity' into Password, user clicks on Boton sing in]], And he go to the Bussines Units [User dasboard menu [user clicks on item organization in menu, user clicks on item organization in menu]], When he create a new unit
| unitName | parentunit |
| UnidadWill | Technology | [User menuhome [user clicks on item organization in menu, user enters 'UnidadWill' into item organization in menu, user clicks on item organization in menu, user clicks on item organization in menu, user clicks on item organization in menu]], Then the UnidadWill should display in the menu]]
[Test worker] INFO net.thucydides.core.steps.ConsoleLoggingListener - 
        __    _____ _____ ____ _____   ____   _    ____  ____  _____ ____  
  _     \ \  |_   _| ____/ ___|_   _| |  _ \ / \  / ___|/ ___|| ____|  _ \ 
 (_)_____| |   | | |  _| \___ \ | |   | |_) / _ \ \___ \\___ \|  _| | | | |
  _|_____| |   | | | |___ ___) || |   |  __/ ___ \ ___) |___) | |___| |_| |
 (_)     | |   |_| |_____|____/ |_|   |_| /_/   \_\____/|____/|_____|____/ 
        /_/                                                                

TEST PASSED: Create a new  Bussines unit
----------------------------------------------------------------------------
]]></system-err>
</testsuite>
