<?xml version="1.0" encoding="UTF-8"?>
<testsuite name="As a user, I want login in the Star Sharp Page so i should create a new meetings" tests="2" skipped="0" failures="0" errors="0" timestamp="2022-12-02T17:12:31" hostname="DESKTOP-7VI4QQE" time="38.797">
  <properties/>
  <testcase name="Create a new  Bussines unit" classname="As a user, I want login in the Star Sharp Page so i should create a new meetings" time="16.553"/>
  <testcase name="Create a meeting successfully" classname="As a user, I want login in the Star Sharp Page so i should create a new meetings" time="22.239"/>
  <system-out><![CDATA[]]></system-out>
  <system-err><![CDATA[[Test worker] WARN net.thucydides.core.steps.BaseStepListener - stepStarted: net.thucydides.core.steps.ExecutedStepDescription@5af28b27
[Test worker] WARN net.thucydides.core.steps.BaseStepListener - stepStarted: net.thucydides.core.steps.ExecutedStepDescription@1a28aef1
[Test worker] WARN net.thucydides.core.steps.BaseStepListener - stepStarted: net.thucydides.core.steps.ExecutedStepDescription@14bf57b2
dic 02, 2022 12:12:32 PM org.openqa.selenium.remote.DesiredCapabilities chrome
INFORMACIÓN: Using `new ChromeOptions()` is preferred to `DesiredCapabilities.chrome()`
[Test worker] INFO net.serenitybdd.core.webdriver.driverproviders.ProvideNewDriver - Instantiating driver
[Test worker] INFO net.serenitybdd.core.webdriver.driverproviders.ProvideNewDriver - Driver capabilities: Capabilities {acceptInsecureCerts: false, browserName: chrome, chrome.switches: --start-maximized, goog:chromeOptions: {args: [--start-maximized], extensions: []}, loggingPrefs: org.openqa.selenium.logging..., platform: ANY, version: }
Starting ChromeDriver 106.0.5249.61 (511755355844955cd3e264779baf0dd38212a4d0-refs/branch-heads/5249@{#569}) on port 15969
Only local connections are allowed.
Please see https://chromedriver.chromium.org/security-considerations for suggestions on keeping ChromeDriver safe.
ChromeDriver was started successfully.
[1670001153.893][WARNING]: This version of ChromeDriver has not been tested with Chrome version 107.
dic 02, 2022 12:12:33 PM org.openqa.selenium.remote.ProtocolHandshake createSession
INFORMACIÓN: Detected dialect: W3C
[Test worker] WARN net.thucydides.core.steps.BaseStepListener - stepFinished: current outcome:Create a new  Bussines unit:Example: {unitName=UnidadWill} [Given that the user is on the star sharp page [User openup [user opens the Sharsharp page]]]
[Test worker] WARN net.thucydides.core.steps.BaseStepListener - stepFinished: current outcome:Create a new  Bussines unit:Example: {unitName=UnidadWill} [Given that the user is on the star sharp page [User openup [user opens the Sharsharp page]]]
[Test worker] WARN net.thucydides.core.steps.BaseStepListener - stepFinished: current outcome:Create a new  Bussines unit:Example: {unitName=UnidadWill} [Given that the user is on the star sharp page [User openup [user opens the Sharsharp page]]]
[Test worker] WARN net.thucydides.core.steps.BaseStepListener - stepStarted: net.thucydides.core.steps.ExecutedStepDescription@17b016ac
[Test worker] WARN net.thucydides.core.steps.BaseStepListener - stepStarted: net.thucydides.core.steps.ExecutedStepDescription@49ca94a9
[Test worker] WARN net.thucydides.core.steps.BaseStepListener - stepStarted: net.thucydides.core.steps.ExecutedStepDescription@718f805a
[Test worker] WARN net.thucydides.core.steps.BaseStepListener - stepFinished: current outcome:Create a new  Bussines unit:Example: {unitName=UnidadWill} [Given that the user is on the star sharp page [User openup [user opens the Sharsharp page]], And the user Logs in
| user | password |
| admin | serenity | [User login [user enters 'admin' into User name]]]
[Test worker] WARN net.thucydides.core.steps.BaseStepListener - stepStarted: net.thucydides.core.steps.ExecutedStepDescription@6418e39e
[Test worker] WARN net.thucydides.core.steps.BaseStepListener - stepFinished: current outcome:Create a new  Bussines unit:Example: {unitName=UnidadWill} [Given that the user is on the star sharp page [User openup [user opens the Sharsharp page]], And the user Logs in
| user | password |
| admin | serenity | [User login [user enters 'admin' into User name, user enters 'serenity' into Password]]]
[Test worker] WARN net.thucydides.core.steps.BaseStepListener - stepStarted: net.thucydides.core.steps.ExecutedStepDescription@285583d4
[Test worker] WARN net.thucydides.core.steps.BaseStepListener - stepFinished: current outcome:Create a new  Bussines unit:Example: {unitName=UnidadWill} [Given that the user is on the star sharp page [User openup [user opens the Sharsharp page]], And the user Logs in
| user | password |
| admin | serenity | [User login [user enters 'admin' into User name, user enters 'serenity' into Password, user clicks on Boton sing in]]]
[Test worker] WARN net.thucydides.core.steps.BaseStepListener - stepFinished: current outcome:Create a new  Bussines unit:Example: {unitName=UnidadWill} [Given that the user is on the star sharp page [User openup [user opens the Sharsharp page]], And the user Logs in
| user | password |
| admin | serenity | [User login [user enters 'admin' into User name, user enters 'serenity' into Password, user clicks on Boton sing in]]]
[Test worker] WARN net.thucydides.core.steps.BaseStepListener - stepFinished: current outcome:Create a new  Bussines unit:Example: {unitName=UnidadWill} [Given that the user is on the star sharp page [User openup [user opens the Sharsharp page]], And the user Logs in
| user | password |
| admin | serenity | [User login [user enters 'admin' into User name, user enters 'serenity' into Password, user clicks on Boton sing in]]]
[Test worker] WARN net.thucydides.core.steps.BaseStepListener - stepStarted: net.thucydides.core.steps.ExecutedStepDescription@3b009e7b
[Test worker] WARN net.thucydides.core.steps.BaseStepListener - stepStarted: net.thucydides.core.steps.ExecutedStepDescription@22d7fd41
[Test worker] WARN net.thucydides.core.steps.BaseStepListener - stepStarted: net.thucydides.core.steps.ExecutedStepDescription@7a9ceddf
[Test worker] WARN net.thucydides.core.steps.BaseStepListener - stepFinished: current outcome:Create a new  Bussines unit:Example: {unitName=UnidadWill} [Given that the user is on the star sharp page [User openup [user opens the Sharsharp page]], And the user Logs in
| user | password |
| admin | serenity | [User login [user enters 'admin' into User name, user enters 'serenity' into Password, user clicks on Boton sing in]], And he go to the Bussines Units [User dasboard menu [user clicks on item organization in menu]]]
[Test worker] WARN net.thucydides.core.steps.BaseStepListener - stepStarted: net.thucydides.core.steps.ExecutedStepDescription@1ca610a0
[Test worker] WARN net.thucydides.core.steps.BaseStepListener - stepFinished: current outcome:Create a new  Bussines unit:Example: {unitName=UnidadWill} [Given that the user is on the star sharp page [User openup [user opens the Sharsharp page]], And the user Logs in
| user | password |
| admin | serenity | [User login [user enters 'admin' into User name, user enters 'serenity' into Password, user clicks on Boton sing in]], And he go to the Bussines Units [User dasboard menu [user clicks on item organization in menu, user clicks on item organization in menu]]]
[Test worker] WARN net.thucydides.core.steps.BaseStepListener - stepFinished: current outcome:Create a new  Bussines unit:Example: {unitName=UnidadWill} [Given that the user is on the star sharp page [User openup [user opens the Sharsharp page]], And the user Logs in
| user | password |
| admin | serenity | [User login [user enters 'admin' into User name, user enters 'serenity' into Password, user clicks on Boton sing in]], And he go to the Bussines Units [User dasboard menu [user clicks on item organization in menu, user clicks on item organization in menu]]]
[Test worker] WARN net.thucydides.core.steps.BaseStepListener - stepFinished: current outcome:Create a new  Bussines unit:Example: {unitName=UnidadWill} [Given that the user is on the star sharp page [User openup [user opens the Sharsharp page]], And the user Logs in
| user | password |
| admin | serenity | [User login [user enters 'admin' into User name, user enters 'serenity' into Password, user clicks on Boton sing in]], And he go to the Bussines Units [User dasboard menu [user clicks on item organization in menu, user clicks on item organization in menu]]]
[Test worker] WARN net.thucydides.core.steps.BaseStepListener - stepStarted: net.thucydides.core.steps.ExecutedStepDescription@766a52f5
[Test worker] WARN net.thucydides.core.steps.BaseStepListener - stepStarted: net.thucydides.core.steps.ExecutedStepDescription@384fda47
[Test worker] WARN net.thucydides.core.steps.BaseStepListener - stepStarted: net.thucydides.core.steps.ExecutedStepDescription@3cc79c02
[Test worker] WARN net.thucydides.core.steps.BaseStepListener - stepFinished: current outcome:Create a new  Bussines unit:Example: {unitName=UnidadWill} [Given that the user is on the star sharp page [User openup [user opens the Sharsharp page]], And the user Logs in
| user | password |
| admin | serenity | [User login [user enters 'admin' into User name, user enters 'serenity' into Password, user clicks on Boton sing in]], And he go to the Bussines Units [User dasboard menu [user clicks on item organization in menu, user clicks on item organization in menu]], When he create a new unit
| unitName |
| UnidadWill | [User menuhome [user clicks on item organization in menu]]]
[Test worker] WARN net.thucydides.core.steps.BaseStepListener - stepStarted: net.thucydides.core.steps.ExecutedStepDescription@3caafa67
[Test worker] WARN net.thucydides.core.steps.BaseStepListener - stepFinished: current outcome:Create a new  Bussines unit:Example: {unitName=UnidadWill} [Given that the user is on the star sharp page [User openup [user opens the Sharsharp page]], And the user Logs in
| user | password |
| admin | serenity | [User login [user enters 'admin' into User name, user enters 'serenity' into Password, user clicks on Boton sing in]], And he go to the Bussines Units [User dasboard menu [user clicks on item organization in menu, user clicks on item organization in menu]], When he create a new unit
| unitName |
| UnidadWill | [User menuhome [user clicks on item organization in menu, user enters 'UnidadWill' into item organization in menu]]]
[Test worker] WARN net.thucydides.core.steps.BaseStepListener - stepStarted: net.thucydides.core.steps.ExecutedStepDescription@6ad179b4
[Test worker] WARN net.thucydides.core.steps.BaseStepListener - stepFinished: current outcome:Create a new  Bussines unit:Example: {unitName=UnidadWill} [Given that the user is on the star sharp page [User openup [user opens the Sharsharp page]], And the user Logs in
| user | password |
| admin | serenity | [User login [user enters 'admin' into User name, user enters 'serenity' into Password, user clicks on Boton sing in]], And he go to the Bussines Units [User dasboard menu [user clicks on item organization in menu, user clicks on item organization in menu]], When he create a new unit
| unitName |
| UnidadWill | [User menuhome [user clicks on item organization in menu, user enters 'UnidadWill' into item organization in menu, user clicks on item organization in menu]]]
[Test worker] WARN net.thucydides.core.steps.BaseStepListener - stepStarted: net.thucydides.core.steps.ExecutedStepDescription@357bc488
[Test worker] WARN net.thucydides.core.steps.BaseStepListener - stepFinished: current outcome:Create a new  Bussines unit:Example: {unitName=UnidadWill} [Given that the user is on the star sharp page [User openup [user opens the Sharsharp page]], And the user Logs in
| user | password |
| admin | serenity | [User login [user enters 'admin' into User name, user enters 'serenity' into Password, user clicks on Boton sing in]], And he go to the Bussines Units [User dasboard menu [user clicks on item organization in menu, user clicks on item organization in menu]], When he create a new unit
| unitName |
| UnidadWill | [User menuhome [user clicks on item organization in menu, user enters 'UnidadWill' into item organization in menu, user clicks on item organization in menu, user clicks on item organization in menu]]]
[Test worker] WARN net.thucydides.core.steps.BaseStepListener - stepStarted: net.thucydides.core.steps.ExecutedStepDescription@69f2cb04
[Test worker] WARN net.thucydides.core.steps.BaseStepListener - stepFinished: current outcome:Create a new  Bussines unit:Example: {unitName=UnidadWill} [Given that the user is on the star sharp page [User openup [user opens the Sharsharp page]], And the user Logs in
| user | password |
| admin | serenity | [User login [user enters 'admin' into User name, user enters 'serenity' into Password, user clicks on Boton sing in]], And he go to the Bussines Units [User dasboard menu [user clicks on item organization in menu, user clicks on item organization in menu]], When he create a new unit
| unitName |
| UnidadWill | [User menuhome [user clicks on item organization in menu, user enters 'UnidadWill' into item organization in menu, user clicks on item organization in menu, user clicks on item organization in menu, user clicks on item organization in menu]]]
[Test worker] WARN net.thucydides.core.steps.BaseStepListener - stepFinished: current outcome:Create a new  Bussines unit:Example: {unitName=UnidadWill} [Given that the user is on the star sharp page [User openup [user opens the Sharsharp page]], And the user Logs in
| user | password |
| admin | serenity | [User login [user enters 'admin' into User name, user enters 'serenity' into Password, user clicks on Boton sing in]], And he go to the Bussines Units [User dasboard menu [user clicks on item organization in menu, user clicks on item organization in menu]], When he create a new unit
| unitName |
| UnidadWill | [User menuhome [user clicks on item organization in menu, user enters 'UnidadWill' into item organization in menu, user clicks on item organization in menu, user clicks on item organization in menu, user clicks on item organization in menu]]]
[Test worker] WARN net.thucydides.core.steps.BaseStepListener - stepFinished: current outcome:Create a new  Bussines unit:Example: {unitName=UnidadWill} [Given that the user is on the star sharp page [User openup [user opens the Sharsharp page]], And the user Logs in
| user | password |
| admin | serenity | [User login [user enters 'admin' into User name, user enters 'serenity' into Password, user clicks on Boton sing in]], And he go to the Bussines Units [User dasboard menu [user clicks on item organization in menu, user clicks on item organization in menu]], When he create a new unit
| unitName |
| UnidadWill | [User menuhome [user clicks on item organization in menu, user enters 'UnidadWill' into item organization in menu, user clicks on item organization in menu, user clicks on item organization in menu, user clicks on item organization in menu]]]
[Test worker] WARN net.thucydides.core.steps.BaseStepListener - stepStarted: net.thucydides.core.steps.ExecutedStepDescription@3f9b7fe1
[Test worker] WARN net.thucydides.core.steps.BaseStepListener - stepStarted: net.thucydides.core.steps.ExecutedStepDescription@6637a365
[Test worker] WARN net.thucydides.core.steps.BaseStepListener - stepFinished: current outcome:Create a new  Bussines unit:Example: {unitName=UnidadWill} [Given that the user is on the star sharp page [User openup [user opens the Sharsharp page]], And the user Logs in
| user | password |
| admin | serenity | [User login [user enters 'admin' into User name, user enters 'serenity' into Password, user clicks on Boton sing in]], And he go to the Bussines Units [User dasboard menu [user clicks on item organization in menu, user clicks on item organization in menu]], When he create a new unit
| unitName |
| UnidadWill | [User menuhome [user clicks on item organization in menu, user enters 'UnidadWill' into item organization in menu, user clicks on item organization in menu, user clicks on item organization in menu, user clicks on item organization in menu]], Then the UnidadWill should display in the menu [Then search unit]]
[Test worker] WARN net.thucydides.core.steps.BaseStepListener - stepFinished: current outcome:Create a new  Bussines unit:Example: {unitName=UnidadWill} [Given that the user is on the star sharp page [User openup [user opens the Sharsharp page]], And the user Logs in
| user | password |
| admin | serenity | [User login [user enters 'admin' into User name, user enters 'serenity' into Password, user clicks on Boton sing in]], And he go to the Bussines Units [User dasboard menu [user clicks on item organization in menu, user clicks on item organization in menu]], When he create a new unit
| unitName |
| UnidadWill | [User menuhome [user clicks on item organization in menu, user enters 'UnidadWill' into item organization in menu, user clicks on item organization in menu, user clicks on item organization in menu, user clicks on item organization in menu]], Then the UnidadWill should display in the menu [Then search unit]]
[Test worker] WARN net.thucydides.core.steps.BaseStepListener - stepFinished: current outcome:Create a new  Bussines unit:Example: {unitName=UnidadWill} [Given that the user is on the star sharp page [User openup [user opens the Sharsharp page]], And the user Logs in
| user | password |
| admin | serenity | [User login [user enters 'admin' into User name, user enters 'serenity' into Password, user clicks on Boton sing in]], And he go to the Bussines Units [User dasboard menu [user clicks on item organization in menu, user clicks on item organization in menu]], When he create a new unit
| unitName |
| UnidadWill | [User menuhome [user clicks on item organization in menu, user enters 'UnidadWill' into item organization in menu, user clicks on item organization in menu, user clicks on item organization in menu, user clicks on item organization in menu]], Then the UnidadWill should display in the menu [Then search unit]]
[Test worker] WARN net.thucydides.core.steps.BaseStepListener - testFinished: Create a new  Bussines unit:Example: {unitName=UnidadWill} [Given that the user is on the star sharp page [User openup [user opens the Sharsharp page]], And the user Logs in
| user | password |
| admin | serenity | [User login [user enters 'admin' into User name, user enters 'serenity' into Password, user clicks on Boton sing in]], And he go to the Bussines Units [User dasboard menu [user clicks on item organization in menu, user clicks on item organization in menu]], When he create a new unit
| unitName |
| UnidadWill | [User menuhome [user clicks on item organization in menu, user enters 'UnidadWill' into item organization in menu, user clicks on item organization in menu, user clicks on item organization in menu, user clicks on item organization in menu]], Then the UnidadWill should display in the menu [Then search unit]]
[Test worker] WARN net.thucydides.core.steps.BaseStepListener - TestOutcomes: [Create a new  Bussines unit:Example: {unitName=UnidadWill} [Given that the user is on the star sharp page [User openup [user opens the Sharsharp page]], And the user Logs in
| user | password |
| admin | serenity | [User login [user enters 'admin' into User name, user enters 'serenity' into Password, user clicks on Boton sing in]], And he go to the Bussines Units [User dasboard menu [user clicks on item organization in menu, user clicks on item organization in menu]], When he create a new unit
| unitName |
| UnidadWill | [User menuhome [user clicks on item organization in menu, user enters 'UnidadWill' into item organization in menu, user clicks on item organization in menu, user clicks on item organization in menu, user clicks on item organization in menu]], Then the UnidadWill should display in the menu [Then search unit]]]
[Test worker] WARN net.thucydides.core.steps.BaseStepListener - Final testOutcomes: [Create a new  Bussines unit:Example: {unitName=UnidadWill} [Given that the user is on the star sharp page [User openup [user opens the Sharsharp page]], And the user Logs in
| user | password |
| admin | serenity | [User login [user enters 'admin' into User name, user enters 'serenity' into Password, user clicks on Boton sing in]], And he go to the Bussines Units [User dasboard menu [user clicks on item organization in menu, user clicks on item organization in menu]], When he create a new unit
| unitName |
| UnidadWill | [User menuhome [user clicks on item organization in menu, user enters 'UnidadWill' into item organization in menu, user clicks on item organization in menu, user clicks on item organization in menu, user clicks on item organization in menu]], Then the UnidadWill should display in the menu [Then search unit]]]
[Test worker] INFO net.thucydides.core.steps.ConsoleLoggingListener - 
        __    _____ _____ ____ _____   ____   _    ____  ____  _____ ____  
  _     \ \  |_   _| ____/ ___|_   _| |  _ \ / \  / ___|/ ___|| ____|  _ \ 
 (_)_____| |   | | |  _| \___ \ | |   | |_) / _ \ \___ \\___ \|  _| | | | |
  _|_____| |   | | | |___ ___) || |   |  __/ ___ \ ___) |___) | |___| |_| |
 (_)     | |   |_| |_____|____/ |_|   |_| /_/   \_\____/|____/|_____|____/ 
        /_/                                                                

TEST PASSED: Create a new  Bussines unit
----------------------------------------------------------------------------
[Test worker] WARN net.thucydides.core.steps.BaseStepListener - stepStarted: net.thucydides.core.steps.ExecutedStepDescription@1a9ec80e
[Test worker] WARN net.thucydides.core.steps.BaseStepListener - stepStarted: net.thucydides.core.steps.ExecutedStepDescription@48cb2d73
[Test worker] WARN net.thucydides.core.steps.BaseStepListener - stepStarted: net.thucydides.core.steps.ExecutedStepDescription@6282b9f5
dic 02, 2022 12:12:48 PM org.openqa.selenium.remote.DesiredCapabilities chrome
INFORMACIÓN: Using `new ChromeOptions()` is preferred to `DesiredCapabilities.chrome()`
[Test worker] INFO net.serenitybdd.core.webdriver.driverproviders.ProvideNewDriver - Instantiating driver
[Test worker] INFO net.serenitybdd.core.webdriver.driverproviders.ProvideNewDriver - Driver capabilities: Capabilities {acceptInsecureCerts: false, browserName: chrome, chrome.switches: --start-maximized, goog:chromeOptions: {args: [--start-maximized], extensions: []}, loggingPrefs: org.openqa.selenium.logging..., platform: ANY, version: }
Starting ChromeDriver 106.0.5249.61 (511755355844955cd3e264779baf0dd38212a4d0-refs/branch-heads/5249@{#569}) on port 48217
Only local connections are allowed.
Please see https://chromedriver.chromium.org/security-considerations for suggestions on keeping ChromeDriver safe.
ChromeDriver was started successfully.
[1670001169.353][WARNING]: This version of ChromeDriver has not been tested with Chrome version 107.
dic 02, 2022 12:12:49 PM org.openqa.selenium.remote.ProtocolHandshake createSession
INFORMACIÓN: Detected dialect: W3C
[Test worker] WARN net.thucydides.core.steps.BaseStepListener - stepFinished: current outcome:Create a meeting successfully:Example: {meetName=PruebaChoucair, meetNumber=1205, meetDateStart=12/02/2022, meetDateEnd=12/02/2022, unitName=UnidadWIll} [Given that the user is on the star sharp page [User openup [user opens the Sharsharp page]]]
[Test worker] WARN net.thucydides.core.steps.BaseStepListener - stepFinished: current outcome:Create a meeting successfully:Example: {meetName=PruebaChoucair, meetNumber=1205, meetDateStart=12/02/2022, meetDateEnd=12/02/2022, unitName=UnidadWIll} [Given that the user is on the star sharp page [User openup [user opens the Sharsharp page]]]
[Test worker] WARN net.thucydides.core.steps.BaseStepListener - stepFinished: current outcome:Create a meeting successfully:Example: {meetName=PruebaChoucair, meetNumber=1205, meetDateStart=12/02/2022, meetDateEnd=12/02/2022, unitName=UnidadWIll} [Given that the user is on the star sharp page [User openup [user opens the Sharsharp page]]]
[Test worker] WARN net.thucydides.core.steps.BaseStepListener - stepStarted: net.thucydides.core.steps.ExecutedStepDescription@5600a5da
[Test worker] WARN net.thucydides.core.steps.BaseStepListener - stepStarted: net.thucydides.core.steps.ExecutedStepDescription@26457986
[Test worker] WARN net.thucydides.core.steps.BaseStepListener - stepStarted: net.thucydides.core.steps.ExecutedStepDescription@dbed7fd
[Test worker] WARN net.thucydides.core.steps.BaseStepListener - stepFinished: current outcome:Create a meeting successfully:Example: {meetName=PruebaChoucair, meetNumber=1205, meetDateStart=12/02/2022, meetDateEnd=12/02/2022, unitName=UnidadWIll} [Given that the user is on the star sharp page [User openup [user opens the Sharsharp page]], And the user Logs in
| user | password |
| admin | serenity | [User login [user enters 'admin' into User name]]]
[Test worker] WARN net.thucydides.core.steps.BaseStepListener - stepStarted: net.thucydides.core.steps.ExecutedStepDescription@482c351d
[Test worker] WARN net.thucydides.core.steps.BaseStepListener - stepFinished: current outcome:Create a meeting successfully:Example: {meetName=PruebaChoucair, meetNumber=1205, meetDateStart=12/02/2022, meetDateEnd=12/02/2022, unitName=UnidadWIll} [Given that the user is on the star sharp page [User openup [user opens the Sharsharp page]], And the user Logs in
| user | password |
| admin | serenity | [User login [user enters 'admin' into User name, user enters 'serenity' into Password]]]
[Test worker] WARN net.thucydides.core.steps.BaseStepListener - stepStarted: net.thucydides.core.steps.ExecutedStepDescription@1e40fbb3
[Test worker] WARN net.thucydides.core.steps.BaseStepListener - stepFinished: current outcome:Create a meeting successfully:Example: {meetName=PruebaChoucair, meetNumber=1205, meetDateStart=12/02/2022, meetDateEnd=12/02/2022, unitName=UnidadWIll} [Given that the user is on the star sharp page [User openup [user opens the Sharsharp page]], And the user Logs in
| user | password |
| admin | serenity | [User login [user enters 'admin' into User name, user enters 'serenity' into Password, user clicks on Boton sing in]]]
[Test worker] WARN net.thucydides.core.steps.BaseStepListener - stepFinished: current outcome:Create a meeting successfully:Example: {meetName=PruebaChoucair, meetNumber=1205, meetDateStart=12/02/2022, meetDateEnd=12/02/2022, unitName=UnidadWIll} [Given that the user is on the star sharp page [User openup [user opens the Sharsharp page]], And the user Logs in
| user | password |
| admin | serenity | [User login [user enters 'admin' into User name, user enters 'serenity' into Password, user clicks on Boton sing in]]]
[Test worker] WARN net.thucydides.core.steps.BaseStepListener - stepFinished: current outcome:Create a meeting successfully:Example: {meetName=PruebaChoucair, meetNumber=1205, meetDateStart=12/02/2022, meetDateEnd=12/02/2022, unitName=UnidadWIll} [Given that the user is on the star sharp page [User openup [user opens the Sharsharp page]], And the user Logs in
| user | password |
| admin | serenity | [User login [user enters 'admin' into User name, user enters 'serenity' into Password, user clicks on Boton sing in]]]
[Test worker] WARN net.thucydides.core.steps.BaseStepListener - stepStarted: net.thucydides.core.steps.ExecutedStepDescription@4ef18604
[Test worker] WARN net.thucydides.core.steps.BaseStepListener - stepStarted: net.thucydides.core.steps.ExecutedStepDescription@15605d83
[Test worker] WARN net.thucydides.core.steps.BaseStepListener - stepStarted: net.thucydides.core.steps.ExecutedStepDescription@7d30007d
[Test worker] WARN net.thucydides.core.steps.BaseStepListener - stepFinished: current outcome:Create a meeting successfully:Example: {meetName=PruebaChoucair, meetNumber=1205, meetDateStart=12/02/2022, meetDateEnd=12/02/2022, unitName=UnidadWIll} [Given that the user is on the star sharp page [User openup [user opens the Sharsharp page]], And the user Logs in
| user | password |
| admin | serenity | [User login [user enters 'admin' into User name, user enters 'serenity' into Password, user clicks on Boton sing in]], And he go to meetings page [User dasboard menu [user clicks on link of the meetings]]]
[Test worker] WARN net.thucydides.core.steps.BaseStepListener - stepStarted: net.thucydides.core.steps.ExecutedStepDescription@45037e16
[Test worker] WARN net.thucydides.core.steps.BaseStepListener - stepFinished: current outcome:Create a meeting successfully:Example: {meetName=PruebaChoucair, meetNumber=1205, meetDateStart=12/02/2022, meetDateEnd=12/02/2022, unitName=UnidadWIll} [Given that the user is on the star sharp page [User openup [user opens the Sharsharp page]], And the user Logs in
| user | password |
| admin | serenity | [User login [user enters 'admin' into User name, user enters 'serenity' into Password, user clicks on Boton sing in]], And he go to meetings page [User dasboard menu [user clicks on link of the meetings, user clicks on link of the meetings]]]
[Test worker] WARN net.thucydides.core.steps.BaseStepListener - stepFinished: current outcome:Create a meeting successfully:Example: {meetName=PruebaChoucair, meetNumber=1205, meetDateStart=12/02/2022, meetDateEnd=12/02/2022, unitName=UnidadWIll} [Given that the user is on the star sharp page [User openup [user opens the Sharsharp page]], And the user Logs in
| user | password |
| admin | serenity | [User login [user enters 'admin' into User name, user enters 'serenity' into Password, user clicks on Boton sing in]], And he go to meetings page [User dasboard menu [user clicks on link of the meetings, user clicks on link of the meetings]]]
[Test worker] WARN net.thucydides.core.steps.BaseStepListener - stepFinished: current outcome:Create a meeting successfully:Example: {meetName=PruebaChoucair, meetNumber=1205, meetDateStart=12/02/2022, meetDateEnd=12/02/2022, unitName=UnidadWIll} [Given that the user is on the star sharp page [User openup [user opens the Sharsharp page]], And the user Logs in
| user | password |
| admin | serenity | [User login [user enters 'admin' into User name, user enters 'serenity' into Password, user clicks on Boton sing in]], And he go to meetings page [User dasboard menu [user clicks on link of the meetings, user clicks on link of the meetings]]]
[Test worker] WARN net.thucydides.core.steps.BaseStepListener - stepStarted: net.thucydides.core.steps.ExecutedStepDescription@2dfa02c1
[Test worker] WARN net.thucydides.core.steps.BaseStepListener - stepStarted: net.thucydides.core.steps.ExecutedStepDescription@62a6674f
[Test worker] WARN net.thucydides.core.steps.BaseStepListener - stepStarted: net.thucydides.core.steps.ExecutedStepDescription@2ee4706d
[Test worker] WARN net.thucydides.core.steps.BaseStepListener - stepFinished: current outcome:Create a meeting successfully:Example: {meetName=PruebaChoucair, meetNumber=1205, meetDateStart=12/02/2022, meetDateEnd=12/02/2022, unitName=UnidadWIll} [Given that the user is on the star sharp page [User openup [user opens the Sharsharp page]], And the user Logs in
| user | password |
| admin | serenity | [User login [user enters 'admin' into User name, user enters 'serenity' into Password, user clicks on Boton sing in]], And he go to meetings page [User dasboard menu [user clicks on link of the meetings, user clicks on link of the meetings]], When he create a new meeting
| meetName | meetNumber | meetDateStart | meetDateEnd | unitName |
| PruebaChoucair | 1205 | 12/02/2022 | 12/02/2022 | UnidadWIll | [User meeting [user clicks on button to create a new meeting]]]
[Test worker] WARN net.thucydides.core.steps.BaseStepListener - stepStarted: net.thucydides.core.steps.ExecutedStepDescription@5ca4dce5
[Test worker] WARN net.thucydides.core.steps.BaseStepListener - stepFinished: current outcome:Create a meeting successfully:Example: {meetName=PruebaChoucair, meetNumber=1205, meetDateStart=12/02/2022, meetDateEnd=12/02/2022, unitName=UnidadWIll} [Given that the user is on the star sharp page [User openup [user opens the Sharsharp page]], And the user Logs in
| user | password |
| admin | serenity | [User login [user enters 'admin' into User name, user enters 'serenity' into Password, user clicks on Boton sing in]], And he go to meetings page [User dasboard menu [user clicks on link of the meetings, user clicks on link of the meetings]], When he create a new meeting
| meetName | meetNumber | meetDateStart | meetDateEnd | unitName |
| PruebaChoucair | 1205 | 12/02/2022 | 12/02/2022 | UnidadWIll | [User meeting [user clicks on button to create a new meeting, user enters 'PruebaChoucair' into where do we write the name of the meeting]]]
[Test worker] WARN net.thucydides.core.steps.BaseStepListener - stepStarted: net.thucydides.core.steps.ExecutedStepDescription@4bc9ca97
[Test worker] WARN net.thucydides.core.steps.BaseStepListener - stepFinished: current outcome:Create a meeting successfully:Example: {meetName=PruebaChoucair, meetNumber=1205, meetDateStart=12/02/2022, meetDateEnd=12/02/2022, unitName=UnidadWIll} [Given that the user is on the star sharp page [User openup [user opens the Sharsharp page]], And the user Logs in
| user | password |
| admin | serenity | [User login [user enters 'admin' into User name, user enters 'serenity' into Password, user clicks on Boton sing in]], And he go to meetings page [User dasboard menu [user clicks on link of the meetings, user clicks on link of the meetings]], When he create a new meeting
| meetName | meetNumber | meetDateStart | meetDateEnd | unitName |
| PruebaChoucair | 1205 | 12/02/2022 | 12/02/2022 | UnidadWIll | [User meeting [user clicks on button to create a new meeting, user enters 'PruebaChoucair' into where do we write the name of the meeting, user clicks on select the type of meeting]]]
[Test worker] WARN net.thucydides.core.steps.BaseStepListener - stepStarted: net.thucydides.core.steps.ExecutedStepDescription@11c581a0
[Test worker] WARN net.thucydides.core.steps.BaseStepListener - stepFinished: current outcome:Create a meeting successfully:Example: {meetName=PruebaChoucair, meetNumber=1205, meetDateStart=12/02/2022, meetDateEnd=12/02/2022, unitName=UnidadWIll} [Given that the user is on the star sharp page [User openup [user opens the Sharsharp page]], And the user Logs in
| user | password |
| admin | serenity | [User login [user enters 'admin' into User name, user enters 'serenity' into Password, user clicks on Boton sing in]], And he go to meetings page [User dasboard menu [user clicks on link of the meetings, user clicks on link of the meetings]], When he create a new meeting
| meetName | meetNumber | meetDateStart | meetDateEnd | unitName |
| PruebaChoucair | 1205 | 12/02/2022 | 12/02/2022 | UnidadWIll | [User meeting [user clicks on button to create a new meeting, user enters 'PruebaChoucair' into where do we write the name of the meeting, user clicks on select the type of meeting, user clicks on select the type of meeting]]]
[Test worker] WARN net.thucydides.core.steps.BaseStepListener - stepStarted: net.thucydides.core.steps.ExecutedStepDescription@18a98913
[Test worker] WARN net.thucydides.core.steps.BaseStepListener - stepFinished: current outcome:Create a meeting successfully:Example: {meetName=PruebaChoucair, meetNumber=1205, meetDateStart=12/02/2022, meetDateEnd=12/02/2022, unitName=UnidadWIll} [Given that the user is on the star sharp page [User openup [user opens the Sharsharp page]], And the user Logs in
| user | password |
| admin | serenity | [User login [user enters 'admin' into User name, user enters 'serenity' into Password, user clicks on Boton sing in]], And he go to meetings page [User dasboard menu [user clicks on link of the meetings, user clicks on link of the meetings]], When he create a new meeting
| meetName | meetNumber | meetDateStart | meetDateEnd | unitName |
| PruebaChoucair | 1205 | 12/02/2022 | 12/02/2022 | UnidadWIll | [User meeting [user clicks on button to create a new meeting, user enters 'PruebaChoucair' into where do we write the name of the meeting, user clicks on select the type of meeting, user clicks on select the type of meeting, user enters '1205' into where do we write the number of the new meeting]]]
[Test worker] WARN net.thucydides.core.steps.BaseStepListener - stepStarted: net.thucydides.core.steps.ExecutedStepDescription@2abc55c4
[Test worker] WARN net.thucydides.core.steps.BaseStepListener - stepFinished: current outcome:Create a meeting successfully:Example: {meetName=PruebaChoucair, meetNumber=1205, meetDateStart=12/02/2022, meetDateEnd=12/02/2022, unitName=UnidadWIll} [Given that the user is on the star sharp page [User openup [user opens the Sharsharp page]], And the user Logs in
| user | password |
| admin | serenity | [User login [user enters 'admin' into User name, user enters 'serenity' into Password, user clicks on Boton sing in]], And he go to meetings page [User dasboard menu [user clicks on link of the meetings, user clicks on link of the meetings]], When he create a new meeting
| meetName | meetNumber | meetDateStart | meetDateEnd | unitName |
| PruebaChoucair | 1205 | 12/02/2022 | 12/02/2022 | UnidadWIll | [User meeting [user clicks on button to create a new meeting, user enters 'PruebaChoucair' into where do we write the name of the meeting, user clicks on select the type of meeting, user clicks on select the type of meeting, user enters '1205' into where do we write the number of the new meeting, user enters '12/02/2022' into where do we write the start date of the new meeting]]]
[Test worker] WARN net.thucydides.core.steps.BaseStepListener - stepStarted: net.thucydides.core.steps.ExecutedStepDescription@60deefed
[Test worker] WARN net.thucydides.core.steps.BaseStepListener - stepFinished: current outcome:Create a meeting successfully:Example: {meetName=PruebaChoucair, meetNumber=1205, meetDateStart=12/02/2022, meetDateEnd=12/02/2022, unitName=UnidadWIll} [Given that the user is on the star sharp page [User openup [user opens the Sharsharp page]], And the user Logs in
| user | password |
| admin | serenity | [User login [user enters 'admin' into User name, user enters 'serenity' into Password, user clicks on Boton sing in]], And he go to meetings page [User dasboard menu [user clicks on link of the meetings, user clicks on link of the meetings]], When he create a new meeting
| meetName | meetNumber | meetDateStart | meetDateEnd | unitName |
| PruebaChoucair | 1205 | 12/02/2022 | 12/02/2022 | UnidadWIll | [User meeting [user clicks on button to create a new meeting, user enters 'PruebaChoucair' into where do we write the name of the meeting, user clicks on select the type of meeting, user clicks on select the type of meeting, user enters '1205' into where do we write the number of the new meeting, user enters '12/02/2022' into where do we write the start date of the new meeting, user select 12:50 on select the time when the meeting start]]]
[Test worker] WARN net.thucydides.core.steps.BaseStepListener - stepStarted: net.thucydides.core.steps.ExecutedStepDescription@569348e1
[Test worker] WARN net.thucydides.core.steps.BaseStepListener - stepFinished: current outcome:Create a meeting successfully:Example: {meetName=PruebaChoucair, meetNumber=1205, meetDateStart=12/02/2022, meetDateEnd=12/02/2022, unitName=UnidadWIll} [Given that the user is on the star sharp page [User openup [user opens the Sharsharp page]], And the user Logs in
| user | password |
| admin | serenity | [User login [user enters 'admin' into User name, user enters 'serenity' into Password, user clicks on Boton sing in]], And he go to meetings page [User dasboard menu [user clicks on link of the meetings, user clicks on link of the meetings]], When he create a new meeting
| meetName | meetNumber | meetDateStart | meetDateEnd | unitName |
| PruebaChoucair | 1205 | 12/02/2022 | 12/02/2022 | UnidadWIll | [User meeting [user clicks on button to create a new meeting, user enters 'PruebaChoucair' into where do we write the name of the meeting, user clicks on select the type of meeting, user clicks on select the type of meeting, user enters '1205' into where do we write the number of the new meeting, user enters '12/02/2022' into where do we write the start date of the new meeting, user select 12:50 on select the time when the meeting start, user enters '12/02/2022' into where do we write the end date of the new meeting]]]
[Test worker] WARN net.thucydides.core.steps.BaseStepListener - stepStarted: net.thucydides.core.steps.ExecutedStepDescription@4d7cac24
[Test worker] WARN net.thucydides.core.steps.BaseStepListener - stepFinished: current outcome:Create a meeting successfully:Example: {meetName=PruebaChoucair, meetNumber=1205, meetDateStart=12/02/2022, meetDateEnd=12/02/2022, unitName=UnidadWIll} [Given that the user is on the star sharp page [User openup [user opens the Sharsharp page]], And the user Logs in
| user | password |
| admin | serenity | [User login [user enters 'admin' into User name, user enters 'serenity' into Password, user clicks on Boton sing in]], And he go to meetings page [User dasboard menu [user clicks on link of the meetings, user clicks on link of the meetings]], When he create a new meeting
| meetName | meetNumber | meetDateStart | meetDateEnd | unitName |
| PruebaChoucair | 1205 | 12/02/2022 | 12/02/2022 | UnidadWIll | [User meeting [user clicks on button to create a new meeting, user enters 'PruebaChoucair' into where do we write the name of the meeting, user clicks on select the type of meeting, user clicks on select the type of meeting, user enters '1205' into where do we write the number of the new meeting, user enters '12/02/2022' into where do we write the start date of the new meeting, user select 12:50 on select the time when the meeting start, user enters '12/02/2022' into where do we write the end date of the new meeting, user select 13:50 on select the time when the meeting end]]]
[Test worker] WARN net.thucydides.core.steps.BaseStepListener - stepStarted: net.thucydides.core.steps.ExecutedStepDescription@7b5021d1
[Test worker] WARN net.thucydides.core.steps.BaseStepListener - stepFinished: current outcome:Create a meeting successfully:Example: {meetName=PruebaChoucair, meetNumber=1205, meetDateStart=12/02/2022, meetDateEnd=12/02/2022, unitName=UnidadWIll} [Given that the user is on the star sharp page [User openup [user opens the Sharsharp page]], And the user Logs in
| user | password |
| admin | serenity | [User login [user enters 'admin' into User name, user enters 'serenity' into Password, user clicks on Boton sing in]], And he go to meetings page [User dasboard menu [user clicks on link of the meetings, user clicks on link of the meetings]], When he create a new meeting
| meetName | meetNumber | meetDateStart | meetDateEnd | unitName |
| PruebaChoucair | 1205 | 12/02/2022 | 12/02/2022 | UnidadWIll | [User meeting [user clicks on button to create a new meeting, user enters 'PruebaChoucair' into where do we write the name of the meeting, user clicks on select the type of meeting, user clicks on select the type of meeting, user enters '1205' into where do we write the number of the new meeting, user enters '12/02/2022' into where do we write the start date of the new meeting, user select 12:50 on select the time when the meeting start, user enters '12/02/2022' into where do we write the end date of the new meeting, user select 13:50 on select the time when the meeting end, user clicks on select the location of the meeting]]]
[Test worker] WARN net.thucydides.core.steps.BaseStepListener - stepStarted: net.thucydides.core.steps.ExecutedStepDescription@61b838f2
[Test worker] WARN net.thucydides.core.steps.BaseStepListener - stepFinished: current outcome:Create a meeting successfully:Example: {meetName=PruebaChoucair, meetNumber=1205, meetDateStart=12/02/2022, meetDateEnd=12/02/2022, unitName=UnidadWIll} [Given that the user is on the star sharp page [User openup [user opens the Sharsharp page]], And the user Logs in
| user | password |
| admin | serenity | [User login [user enters 'admin' into User name, user enters 'serenity' into Password, user clicks on Boton sing in]], And he go to meetings page [User dasboard menu [user clicks on link of the meetings, user clicks on link of the meetings]], When he create a new meeting
| meetName | meetNumber | meetDateStart | meetDateEnd | unitName |
| PruebaChoucair | 1205 | 12/02/2022 | 12/02/2022 | UnidadWIll | [User meeting [user clicks on button to create a new meeting, user enters 'PruebaChoucair' into where do we write the name of the meeting, user clicks on select the type of meeting, user clicks on select the type of meeting, user enters '1205' into where do we write the number of the new meeting, user enters '12/02/2022' into where do we write the start date of the new meeting, user select 12:50 on select the time when the meeting start, user enters '12/02/2022' into where do we write the end date of the new meeting, user select 13:50 on select the time when the meeting end, user clicks on select the location of the meeting, user clicks on select the type of meeting]]]
[Test worker] WARN net.thucydides.core.steps.BaseStepListener - stepStarted: net.thucydides.core.steps.ExecutedStepDescription@8eb6f9a
[Test worker] WARN net.thucydides.core.steps.BaseStepListener - stepFinished: current outcome:Create a meeting successfully:Example: {meetName=PruebaChoucair, meetNumber=1205, meetDateStart=12/02/2022, meetDateEnd=12/02/2022, unitName=UnidadWIll} [Given that the user is on the star sharp page [User openup [user opens the Sharsharp page]], And the user Logs in
| user | password |
| admin | serenity | [User login [user enters 'admin' into User name, user enters 'serenity' into Password, user clicks on Boton sing in]], And he go to meetings page [User dasboard menu [user clicks on link of the meetings, user clicks on link of the meetings]], When he create a new meeting
| meetName | meetNumber | meetDateStart | meetDateEnd | unitName |
| PruebaChoucair | 1205 | 12/02/2022 | 12/02/2022 | UnidadWIll | [User meeting [user clicks on button to create a new meeting, user enters 'PruebaChoucair' into where do we write the name of the meeting, user clicks on select the type of meeting, user clicks on select the type of meeting, user enters '1205' into where do we write the number of the new meeting, user enters '12/02/2022' into where do we write the start date of the new meeting, user select 12:50 on select the time when the meeting start, user enters '12/02/2022' into where do we write the end date of the new meeting, user select 13:50 on select the time when the meeting end, user clicks on select the location of the meeting, user clicks on select the type of meeting, user clicks on select the unit of the meeting]]]
[Test worker] WARN net.thucydides.core.steps.BaseStepListener - stepStarted: net.thucydides.core.steps.ExecutedStepDescription@150d6eaf
[Test worker] WARN net.thucydides.core.steps.BaseStepListener - stepFinished: current outcome:Create a meeting successfully:Example: {meetName=PruebaChoucair, meetNumber=1205, meetDateStart=12/02/2022, meetDateEnd=12/02/2022, unitName=UnidadWIll} [Given that the user is on the star sharp page [User openup [user opens the Sharsharp page]], And the user Logs in
| user | password |
| admin | serenity | [User login [user enters 'admin' into User name, user enters 'serenity' into Password, user clicks on Boton sing in]], And he go to meetings page [User dasboard menu [user clicks on link of the meetings, user clicks on link of the meetings]], When he create a new meeting
| meetName | meetNumber | meetDateStart | meetDateEnd | unitName |
| PruebaChoucair | 1205 | 12/02/2022 | 12/02/2022 | UnidadWIll | [User meeting [user clicks on button to create a new meeting, user enters 'PruebaChoucair' into where do we write the name of the meeting, user clicks on select the type of meeting, user clicks on select the type of meeting, user enters '1205' into where do we write the number of the new meeting, user enters '12/02/2022' into where do we write the start date of the new meeting, user select 12:50 on select the time when the meeting start, user enters '12/02/2022' into where do we write the end date of the new meeting, user select 13:50 on select the time when the meeting end, user clicks on select the location of the meeting, user clicks on select the type of meeting, user clicks on select the unit of the meeting, user enters 'UnidadWIll' into select the unit of the meeting]]]
[Test worker] WARN net.thucydides.core.steps.BaseStepListener - stepStarted: net.thucydides.core.steps.ExecutedStepDescription@67763ebe
[Test worker] WARN net.thucydides.core.steps.BaseStepListener - stepFinished: current outcome:Create a meeting successfully:Example: {meetName=PruebaChoucair, meetNumber=1205, meetDateStart=12/02/2022, meetDateEnd=12/02/2022, unitName=UnidadWIll} [Given that the user is on the star sharp page [User openup [user opens the Sharsharp page]], And the user Logs in
| user | password |
| admin | serenity | [User login [user enters 'admin' into User name, user enters 'serenity' into Password, user clicks on Boton sing in]], And he go to meetings page [User dasboard menu [user clicks on link of the meetings, user clicks on link of the meetings]], When he create a new meeting
| meetName | meetNumber | meetDateStart | meetDateEnd | unitName |
| PruebaChoucair | 1205 | 12/02/2022 | 12/02/2022 | UnidadWIll | [User meeting [user clicks on button to create a new meeting, user enters 'PruebaChoucair' into where do we write the name of the meeting, user clicks on select the type of meeting, user clicks on select the type of meeting, user enters '1205' into where do we write the number of the new meeting, user enters '12/02/2022' into where do we write the start date of the new meeting, user select 12:50 on select the time when the meeting start, user enters '12/02/2022' into where do we write the end date of the new meeting, user select 13:50 on select the time when the meeting end, user clicks on select the location of the meeting, user clicks on select the type of meeting, user clicks on select the unit of the meeting, user enters 'UnidadWIll' into select the unit of the meeting, user clicks on select the unit of meeting]]]
[Test worker] WARN net.thucydides.core.steps.BaseStepListener - stepStarted: net.thucydides.core.steps.ExecutedStepDescription@23648d2d
[Test worker] WARN net.thucydides.core.steps.BaseStepListener - stepFinished: current outcome:Create a meeting successfully:Example: {meetName=PruebaChoucair, meetNumber=1205, meetDateStart=12/02/2022, meetDateEnd=12/02/2022, unitName=UnidadWIll} [Given that the user is on the star sharp page [User openup [user opens the Sharsharp page]], And the user Logs in
| user | password |
| admin | serenity | [User login [user enters 'admin' into User name, user enters 'serenity' into Password, user clicks on Boton sing in]], And he go to meetings page [User dasboard menu [user clicks on link of the meetings, user clicks on link of the meetings]], When he create a new meeting
| meetName | meetNumber | meetDateStart | meetDateEnd | unitName |
| PruebaChoucair | 1205 | 12/02/2022 | 12/02/2022 | UnidadWIll | [User meeting [user clicks on button to create a new meeting, user enters 'PruebaChoucair' into where do we write the name of the meeting, user clicks on select the type of meeting, user clicks on select the type of meeting, user enters '1205' into where do we write the number of the new meeting, user enters '12/02/2022' into where do we write the start date of the new meeting, user select 12:50 on select the time when the meeting start, user enters '12/02/2022' into where do we write the end date of the new meeting, user select 13:50 on select the time when the meeting end, user clicks on select the location of the meeting, user clicks on select the type of meeting, user clicks on select the unit of the meeting, user enters 'UnidadWIll' into select the unit of the meeting, user clicks on select the unit of meeting, user clicks on select who organized the meeting]]]
[Test worker] WARN net.thucydides.core.steps.BaseStepListener - stepStarted: net.thucydides.core.steps.ExecutedStepDescription@ee96866
[Test worker] WARN net.thucydides.core.steps.BaseStepListener - stepFinished: current outcome:Create a meeting successfully:Example: {meetName=PruebaChoucair, meetNumber=1205, meetDateStart=12/02/2022, meetDateEnd=12/02/2022, unitName=UnidadWIll} [Given that the user is on the star sharp page [User openup [user opens the Sharsharp page]], And the user Logs in
| user | password |
| admin | serenity | [User login [user enters 'admin' into User name, user enters 'serenity' into Password, user clicks on Boton sing in]], And he go to meetings page [User dasboard menu [user clicks on link of the meetings, user clicks on link of the meetings]], When he create a new meeting
| meetName | meetNumber | meetDateStart | meetDateEnd | unitName |
| PruebaChoucair | 1205 | 12/02/2022 | 12/02/2022 | UnidadWIll | [User meeting [user clicks on button to create a new meeting, user enters 'PruebaChoucair' into where do we write the name of the meeting, user clicks on select the type of meeting, user clicks on select the type of meeting, user enters '1205' into where do we write the number of the new meeting, user enters '12/02/2022' into where do we write the start date of the new meeting, user select 12:50 on select the time when the meeting start, user enters '12/02/2022' into where do we write the end date of the new meeting, user select 13:50 on select the time when the meeting end, user clicks on select the location of the meeting, user clicks on select the type of meeting, user clicks on select the unit of the meeting, user enters 'UnidadWIll' into select the unit of the meeting, user clicks on select the unit of meeting, user clicks on select who organized the meeting, user clicks on select who organized the meeting]]]
[Test worker] WARN net.thucydides.core.steps.BaseStepListener - stepStarted: net.thucydides.core.steps.ExecutedStepDescription@166b11e
[Test worker] WARN net.thucydides.core.steps.BaseStepListener - stepFinished: current outcome:Create a meeting successfully:Example: {meetName=PruebaChoucair, meetNumber=1205, meetDateStart=12/02/2022, meetDateEnd=12/02/2022, unitName=UnidadWIll} [Given that the user is on the star sharp page [User openup [user opens the Sharsharp page]], And the user Logs in
| user | password |
| admin | serenity | [User login [user enters 'admin' into User name, user enters 'serenity' into Password, user clicks on Boton sing in]], And he go to meetings page [User dasboard menu [user clicks on link of the meetings, user clicks on link of the meetings]], When he create a new meeting
| meetName | meetNumber | meetDateStart | meetDateEnd | unitName |
| PruebaChoucair | 1205 | 12/02/2022 | 12/02/2022 | UnidadWIll | [User meeting [user clicks on button to create a new meeting, user enters 'PruebaChoucair' into where do we write the name of the meeting, user clicks on select the type of meeting, user clicks on select the type of meeting, user enters '1205' into where do we write the number of the new meeting, user enters '12/02/2022' into where do we write the start date of the new meeting, user select 12:50 on select the time when the meeting start, user enters '12/02/2022' into where do we write the end date of the new meeting, user select 13:50 on select the time when the meeting end, user clicks on select the location of the meeting, user clicks on select the type of meeting, user clicks on select the unit of the meeting, user enters 'UnidadWIll' into select the unit of the meeting, user clicks on select the unit of meeting, user clicks on select who organized the meeting, user clicks on select who organized the meeting, user clicks on select who is the reporter of the meeting]]]
[Test worker] WARN net.thucydides.core.steps.BaseStepListener - stepStarted: net.thucydides.core.steps.ExecutedStepDescription@bb8ead8
[Test worker] WARN net.thucydides.core.steps.BaseStepListener - stepFinished: current outcome:Create a meeting successfully:Example: {meetName=PruebaChoucair, meetNumber=1205, meetDateStart=12/02/2022, meetDateEnd=12/02/2022, unitName=UnidadWIll} [Given that the user is on the star sharp page [User openup [user opens the Sharsharp page]], And the user Logs in
| user | password |
| admin | serenity | [User login [user enters 'admin' into User name, user enters 'serenity' into Password, user clicks on Boton sing in]], And he go to meetings page [User dasboard menu [user clicks on link of the meetings, user clicks on link of the meetings]], When he create a new meeting
| meetName | meetNumber | meetDateStart | meetDateEnd | unitName |
| PruebaChoucair | 1205 | 12/02/2022 | 12/02/2022 | UnidadWIll | [User meeting [user clicks on button to create a new meeting, user enters 'PruebaChoucair' into where do we write the name of the meeting, user clicks on select the type of meeting, user clicks on select the type of meeting, user enters '1205' into where do we write the number of the new meeting, user enters '12/02/2022' into where do we write the start date of the new meeting, user select 12:50 on select the time when the meeting start, user enters '12/02/2022' into where do we write the end date of the new meeting, user select 13:50 on select the time when the meeting end, user clicks on select the location of the meeting, user clicks on select the type of meeting, user clicks on select the unit of the meeting, user enters 'UnidadWIll' into select the unit of the meeting, user clicks on select the unit of meeting, user clicks on select who organized the meeting, user clicks on select who organized the meeting, user clicks on select who is the reporter of the meeting, user clicks on select who is the reporter of meeting]]]
[Test worker] WARN net.thucydides.core.steps.BaseStepListener - stepStarted: net.thucydides.core.steps.ExecutedStepDescription@394fb736
[Test worker] WARN net.thucydides.core.steps.BaseStepListener - stepFinished: current outcome:Create a meeting successfully:Example: {meetName=PruebaChoucair, meetNumber=1205, meetDateStart=12/02/2022, meetDateEnd=12/02/2022, unitName=UnidadWIll} [Given that the user is on the star sharp page [User openup [user opens the Sharsharp page]], And the user Logs in
| user | password |
| admin | serenity | [User login [user enters 'admin' into User name, user enters 'serenity' into Password, user clicks on Boton sing in]], And he go to meetings page [User dasboard menu [user clicks on link of the meetings, user clicks on link of the meetings]], When he create a new meeting
| meetName | meetNumber | meetDateStart | meetDateEnd | unitName |
| PruebaChoucair | 1205 | 12/02/2022 | 12/02/2022 | UnidadWIll | [User meeting [user clicks on button to create a new meeting, user enters 'PruebaChoucair' into where do we write the name of the meeting, user clicks on select the type of meeting, user clicks on select the type of meeting, user enters '1205' into where do we write the number of the new meeting, user enters '12/02/2022' into where do we write the start date of the new meeting, user select 12:50 on select the time when the meeting start, user enters '12/02/2022' into where do we write the end date of the new meeting, user select 13:50 on select the time when the meeting end, user clicks on select the location of the meeting, user clicks on select the type of meeting, user clicks on select the unit of the meeting, user enters 'UnidadWIll' into select the unit of the meeting, user clicks on select the unit of meeting, user clicks on select who organized the meeting, user clicks on select who organized the meeting, user clicks on select who is the reporter of the meeting, user clicks on select who is the reporter of meeting, user clicks on item organization in menu]]]
[Test worker] WARN net.thucydides.core.steps.BaseStepListener - stepFinished: current outcome:Create a meeting successfully:Example: {meetName=PruebaChoucair, meetNumber=1205, meetDateStart=12/02/2022, meetDateEnd=12/02/2022, unitName=UnidadWIll} [Given that the user is on the star sharp page [User openup [user opens the Sharsharp page]], And the user Logs in
| user | password |
| admin | serenity | [User login [user enters 'admin' into User name, user enters 'serenity' into Password, user clicks on Boton sing in]], And he go to meetings page [User dasboard menu [user clicks on link of the meetings, user clicks on link of the meetings]], When he create a new meeting
| meetName | meetNumber | meetDateStart | meetDateEnd | unitName |
| PruebaChoucair | 1205 | 12/02/2022 | 12/02/2022 | UnidadWIll | [User meeting [user clicks on button to create a new meeting, user enters 'PruebaChoucair' into where do we write the name of the meeting, user clicks on select the type of meeting, user clicks on select the type of meeting, user enters '1205' into where do we write the number of the new meeting, user enters '12/02/2022' into where do we write the start date of the new meeting, user select 12:50 on select the time when the meeting start, user enters '12/02/2022' into where do we write the end date of the new meeting, user select 13:50 on select the time when the meeting end, user clicks on select the location of the meeting, user clicks on select the type of meeting, user clicks on select the unit of the meeting, user enters 'UnidadWIll' into select the unit of the meeting, user clicks on select the unit of meeting, user clicks on select who organized the meeting, user clicks on select who organized the meeting, user clicks on select who is the reporter of the meeting, user clicks on select who is the reporter of meeting, user clicks on item organization in menu]]]
[Test worker] WARN net.thucydides.core.steps.BaseStepListener - stepFinished: current outcome:Create a meeting successfully:Example: {meetName=PruebaChoucair, meetNumber=1205, meetDateStart=12/02/2022, meetDateEnd=12/02/2022, unitName=UnidadWIll} [Given that the user is on the star sharp page [User openup [user opens the Sharsharp page]], And the user Logs in
| user | password |
| admin | serenity | [User login [user enters 'admin' into User name, user enters 'serenity' into Password, user clicks on Boton sing in]], And he go to meetings page [User dasboard menu [user clicks on link of the meetings, user clicks on link of the meetings]], When he create a new meeting
| meetName | meetNumber | meetDateStart | meetDateEnd | unitName |
| PruebaChoucair | 1205 | 12/02/2022 | 12/02/2022 | UnidadWIll | [User meeting [user clicks on button to create a new meeting, user enters 'PruebaChoucair' into where do we write the name of the meeting, user clicks on select the type of meeting, user clicks on select the type of meeting, user enters '1205' into where do we write the number of the new meeting, user enters '12/02/2022' into where do we write the start date of the new meeting, user select 12:50 on select the time when the meeting start, user enters '12/02/2022' into where do we write the end date of the new meeting, user select 13:50 on select the time when the meeting end, user clicks on select the location of the meeting, user clicks on select the type of meeting, user clicks on select the unit of the meeting, user enters 'UnidadWIll' into select the unit of the meeting, user clicks on select the unit of meeting, user clicks on select who organized the meeting, user clicks on select who organized the meeting, user clicks on select who is the reporter of the meeting, user clicks on select who is the reporter of meeting, user clicks on item organization in menu]]]
[Test worker] WARN net.thucydides.core.steps.BaseStepListener - stepStarted: net.thucydides.core.steps.ExecutedStepDescription@59262a90
[Test worker] WARN net.thucydides.core.steps.BaseStepListener - stepStarted: net.thucydides.core.steps.ExecutedStepDescription@7b377a53
[Test worker] WARN net.thucydides.core.steps.BaseStepListener - stepFinished: current outcome:Create a meeting successfully:Example: {meetName=PruebaChoucair, meetNumber=1205, meetDateStart=12/02/2022, meetDateEnd=12/02/2022, unitName=UnidadWIll} [Given that the user is on the star sharp page [User openup [user opens the Sharsharp page]], And the user Logs in
| user | password |
| admin | serenity | [User login [user enters 'admin' into User name, user enters 'serenity' into Password, user clicks on Boton sing in]], And he go to meetings page [User dasboard menu [user clicks on link of the meetings, user clicks on link of the meetings]], When he create a new meeting
| meetName | meetNumber | meetDateStart | meetDateEnd | unitName |
| PruebaChoucair | 1205 | 12/02/2022 | 12/02/2022 | UnidadWIll | [User meeting [user clicks on button to create a new meeting, user enters 'PruebaChoucair' into where do we write the name of the meeting, user clicks on select the type of meeting, user clicks on select the type of meeting, user enters '1205' into where do we write the number of the new meeting, user enters '12/02/2022' into where do we write the start date of the new meeting, user select 12:50 on select the time when the meeting start, user enters '12/02/2022' into where do we write the end date of the new meeting, user select 13:50 on select the time when the meeting end, user clicks on select the location of the meeting, user clicks on select the type of meeting, user clicks on select the unit of the meeting, user enters 'UnidadWIll' into select the unit of the meeting, user clicks on select the unit of meeting, user clicks on select who organized the meeting, user clicks on select who organized the meeting, user clicks on select who is the reporter of the meeting, user clicks on select who is the reporter of meeting, user clicks on item organization in menu]], Then the PruebaChoucair should display in the table [Then search meet]]
[Test worker] WARN net.thucydides.core.steps.BaseStepListener - stepFinished: current outcome:Create a meeting successfully:Example: {meetName=PruebaChoucair, meetNumber=1205, meetDateStart=12/02/2022, meetDateEnd=12/02/2022, unitName=UnidadWIll} [Given that the user is on the star sharp page [User openup [user opens the Sharsharp page]], And the user Logs in
| user | password |
| admin | serenity | [User login [user enters 'admin' into User name, user enters 'serenity' into Password, user clicks on Boton sing in]], And he go to meetings page [User dasboard menu [user clicks on link of the meetings, user clicks on link of the meetings]], When he create a new meeting
| meetName | meetNumber | meetDateStart | meetDateEnd | unitName |
| PruebaChoucair | 1205 | 12/02/2022 | 12/02/2022 | UnidadWIll | [User meeting [user clicks on button to create a new meeting, user enters 'PruebaChoucair' into where do we write the name of the meeting, user clicks on select the type of meeting, user clicks on select the type of meeting, user enters '1205' into where do we write the number of the new meeting, user enters '12/02/2022' into where do we write the start date of the new meeting, user select 12:50 on select the time when the meeting start, user enters '12/02/2022' into where do we write the end date of the new meeting, user select 13:50 on select the time when the meeting end, user clicks on select the location of the meeting, user clicks on select the type of meeting, user clicks on select the unit of the meeting, user enters 'UnidadWIll' into select the unit of the meeting, user clicks on select the unit of meeting, user clicks on select who organized the meeting, user clicks on select who organized the meeting, user clicks on select who is the reporter of the meeting, user clicks on select who is the reporter of meeting, user clicks on item organization in menu]], Then the PruebaChoucair should display in the table [Then search meet]]
[Test worker] WARN net.thucydides.core.steps.BaseStepListener - stepFinished: current outcome:Create a meeting successfully:Example: {meetName=PruebaChoucair, meetNumber=1205, meetDateStart=12/02/2022, meetDateEnd=12/02/2022, unitName=UnidadWIll} [Given that the user is on the star sharp page [User openup [user opens the Sharsharp page]], And the user Logs in
| user | password |
| admin | serenity | [User login [user enters 'admin' into User name, user enters 'serenity' into Password, user clicks on Boton sing in]], And he go to meetings page [User dasboard menu [user clicks on link of the meetings, user clicks on link of the meetings]], When he create a new meeting
| meetName | meetNumber | meetDateStart | meetDateEnd | unitName |
| PruebaChoucair | 1205 | 12/02/2022 | 12/02/2022 | UnidadWIll | [User meeting [user clicks on button to create a new meeting, user enters 'PruebaChoucair' into where do we write the name of the meeting, user clicks on select the type of meeting, user clicks on select the type of meeting, user enters '1205' into where do we write the number of the new meeting, user enters '12/02/2022' into where do we write the start date of the new meeting, user select 12:50 on select the time when the meeting start, user enters '12/02/2022' into where do we write the end date of the new meeting, user select 13:50 on select the time when the meeting end, user clicks on select the location of the meeting, user clicks on select the type of meeting, user clicks on select the unit of the meeting, user enters 'UnidadWIll' into select the unit of the meeting, user clicks on select the unit of meeting, user clicks on select who organized the meeting, user clicks on select who organized the meeting, user clicks on select who is the reporter of the meeting, user clicks on select who is the reporter of meeting, user clicks on item organization in menu]], Then the PruebaChoucair should display in the table [Then search meet]]
[Test worker] WARN net.thucydides.core.steps.BaseStepListener - testFinished: Create a meeting successfully:Example: {meetName=PruebaChoucair, meetNumber=1205, meetDateStart=12/02/2022, meetDateEnd=12/02/2022, unitName=UnidadWIll} [Given that the user is on the star sharp page [User openup [user opens the Sharsharp page]], And the user Logs in
| user | password |
| admin | serenity | [User login [user enters 'admin' into User name, user enters 'serenity' into Password, user clicks on Boton sing in]], And he go to meetings page [User dasboard menu [user clicks on link of the meetings, user clicks on link of the meetings]], When he create a new meeting
| meetName | meetNumber | meetDateStart | meetDateEnd | unitName |
| PruebaChoucair | 1205 | 12/02/2022 | 12/02/2022 | UnidadWIll | [User meeting [user clicks on button to create a new meeting, user enters 'PruebaChoucair' into where do we write the name of the meeting, user clicks on select the type of meeting, user clicks on select the type of meeting, user enters '1205' into where do we write the number of the new meeting, user enters '12/02/2022' into where do we write the start date of the new meeting, user select 12:50 on select the time when the meeting start, user enters '12/02/2022' into where do we write the end date of the new meeting, user select 13:50 on select the time when the meeting end, user clicks on select the location of the meeting, user clicks on select the type of meeting, user clicks on select the unit of the meeting, user enters 'UnidadWIll' into select the unit of the meeting, user clicks on select the unit of meeting, user clicks on select who organized the meeting, user clicks on select who organized the meeting, user clicks on select who is the reporter of the meeting, user clicks on select who is the reporter of meeting, user clicks on item organization in menu]], Then the PruebaChoucair should display in the table [Then search meet]]
[Test worker] WARN net.thucydides.core.steps.BaseStepListener - TestOutcomes: [Create a new  Bussines unit:Example: {unitName=UnidadWill} [Given that the user is on the star sharp page [User openup [user opens the Sharsharp page]], And the user Logs in
| user | password |
| admin | serenity | [User login [user enters 'admin' into User name, user enters 'serenity' into Password, user clicks on Boton sing in]], And he go to the Bussines Units [User dasboard menu [user clicks on item organization in menu, user clicks on item organization in menu]], When he create a new unit
| unitName |
| UnidadWill | [User menuhome [user clicks on item organization in menu, user enters 'UnidadWill' into item organization in menu, user clicks on item organization in menu, user clicks on item organization in menu, user clicks on item organization in menu]], Then the UnidadWill should display in the menu [Then search unit]], Create a meeting successfully:Example: {meetName=PruebaChoucair, meetNumber=1205, meetDateStart=12/02/2022, meetDateEnd=12/02/2022, unitName=UnidadWIll} [Given that the user is on the star sharp page [User openup [user opens the Sharsharp page]], And the user Logs in
| user | password |
| admin | serenity | [User login [user enters 'admin' into User name, user enters 'serenity' into Password, user clicks on Boton sing in]], And he go to meetings page [User dasboard menu [user clicks on link of the meetings, user clicks on link of the meetings]], When he create a new meeting
| meetName | meetNumber | meetDateStart | meetDateEnd | unitName |
| PruebaChoucair | 1205 | 12/02/2022 | 12/02/2022 | UnidadWIll | [User meeting [user clicks on button to create a new meeting, user enters 'PruebaChoucair' into where do we write the name of the meeting, user clicks on select the type of meeting, user clicks on select the type of meeting, user enters '1205' into where do we write the number of the new meeting, user enters '12/02/2022' into where do we write the start date of the new meeting, user select 12:50 on select the time when the meeting start, user enters '12/02/2022' into where do we write the end date of the new meeting, user select 13:50 on select the time when the meeting end, user clicks on select the location of the meeting, user clicks on select the type of meeting, user clicks on select the unit of the meeting, user enters 'UnidadWIll' into select the unit of the meeting, user clicks on select the unit of meeting, user clicks on select who organized the meeting, user clicks on select who organized the meeting, user clicks on select who is the reporter of the meeting, user clicks on select who is the reporter of meeting, user clicks on item organization in menu]], Then the PruebaChoucair should display in the table [Then search meet]]]
[Test worker] WARN net.thucydides.core.steps.BaseStepListener - Final testOutcomes: [Create a new  Bussines unit:Example: {unitName=UnidadWill} [Given that the user is on the star sharp page [User openup [user opens the Sharsharp page]], And the user Logs in
| user | password |
| admin | serenity | [User login [user enters 'admin' into User name, user enters 'serenity' into Password, user clicks on Boton sing in]], And he go to the Bussines Units [User dasboard menu [user clicks on item organization in menu, user clicks on item organization in menu]], When he create a new unit
| unitName |
| UnidadWill | [User menuhome [user clicks on item organization in menu, user enters 'UnidadWill' into item organization in menu, user clicks on item organization in menu, user clicks on item organization in menu, user clicks on item organization in menu]], Then the UnidadWill should display in the menu [Then search unit]], Create a meeting successfully:Example: {meetName=PruebaChoucair, meetNumber=1205, meetDateStart=12/02/2022, meetDateEnd=12/02/2022, unitName=UnidadWIll} [Given that the user is on the star sharp page [User openup [user opens the Sharsharp page]], And the user Logs in
| user | password |
| admin | serenity | [User login [user enters 'admin' into User name, user enters 'serenity' into Password, user clicks on Boton sing in]], And he go to meetings page [User dasboard menu [user clicks on link of the meetings, user clicks on link of the meetings]], When he create a new meeting
| meetName | meetNumber | meetDateStart | meetDateEnd | unitName |
| PruebaChoucair | 1205 | 12/02/2022 | 12/02/2022 | UnidadWIll | [User meeting [user clicks on button to create a new meeting, user enters 'PruebaChoucair' into where do we write the name of the meeting, user clicks on select the type of meeting, user clicks on select the type of meeting, user enters '1205' into where do we write the number of the new meeting, user enters '12/02/2022' into where do we write the start date of the new meeting, user select 12:50 on select the time when the meeting start, user enters '12/02/2022' into where do we write the end date of the new meeting, user select 13:50 on select the time when the meeting end, user clicks on select the location of the meeting, user clicks on select the type of meeting, user clicks on select the unit of the meeting, user enters 'UnidadWIll' into select the unit of the meeting, user clicks on select the unit of meeting, user clicks on select who organized the meeting, user clicks on select who organized the meeting, user clicks on select who is the reporter of the meeting, user clicks on select who is the reporter of meeting, user clicks on item organization in menu]], Then the PruebaChoucair should display in the table [Then search meet]]]
[Test worker] INFO net.thucydides.core.steps.ConsoleLoggingListener - 
        __    _____ _____ ____ _____   ____   _    ____  ____  _____ ____  
  _     \ \  |_   _| ____/ ___|_   _| |  _ \ / \  / ___|/ ___|| ____|  _ \ 
 (_)_____| |   | | |  _| \___ \ | |   | |_) / _ \ \___ \\___ \|  _| | | | |
  _|_____| |   | | | |___ ___) || |   |  __/ ___ \ ___) |___) | |___| |_| |
 (_)     | |   |_| |_____|____/ |_|   |_| /_/   \_\____/|____/|_____|____/ 
        /_/                                                                

TEST PASSED: Create a meeting successfully
----------------------------------------------------------------------------
]]></system-err>
</testsuite>
